Genisys Crash Dump Sun Oct 22 21:56:02 +07 2017

Error: Call to a member function rewardPlayer() on null
File: /plugins/VotePE[PTK]-F/src/PTK/VotePE/RequestThread
Line: 48
Type: notice

THIS CRASH WAS CAUSED BY A PLUGIN
此次出错由插件引起
BAD PLUGIN : VotePE[PTK] v1

Code:
[39]         $query->setClaimed(-1);
[40]       }
[41]     }
[42]   }
[43] 
[44]   public function onCompletion(Server $server) {
[45]     if(isset($this->error)) {
[46]       $server->getPluginManager()->getPlugin("VotePE")->getLogger()->error($this->error);
[47]     }
[48]     $server->getPluginManager()->getPlugin("VotePE")->rewardPlayer($server->getPlayerExact($this->id), $this->rewards);
[49]     array_splice($server->getPluginManager()->getPlugin("VotePE")->queue, array_search($this->id, $server->getPluginManager()->getPlugin("VotePE")->queue, true), 1);
[50]   }
[51] 
[52] }
[53] 
[54] 
[55] 
[56] 
[57] 
[58] 

Backtrace:
#0 /src/pocketmine/scheduler/ServerScheduler(268): pocketmine\scheduler\AsyncPool->collectTasks(boolean)
#1 /src/pocketmine/Server(2990): pocketmine\scheduler\ServerScheduler->mainThreadHeartbeat(integer 233)
#2 /src/pocketmine/Server(2683): pocketmine\Server->tick(boolean)
#3 /src/pocketmine/Server(2561): pocketmine\Server->tickProcessor(boolean)
#4 /src/pocketmine/Server(2076): pocketmine\Server->start(boolean)
#5 /src/pocketmine/PocketMine(467): pocketmine\Server->__construct(pocketmine\CompatibleClassLoader object, pocketmine\utils\MainLogger object, string C:\Users\Dcms\Downloads\Sv 0.14\, string C:\Users\Dcms\Downloads\Sv 0.14\, string C:\Users\Dcms\Downloads\Sv 0.14\plugins\, string unknown)

Genisys version: 1.1 #0 [Protocol 70; API 2.0.0]
uname -a: Windows NT WIN-HQ53TBM33EP 6.1 build 7601 (Windows Server 2008 R2 Enterprise Edition Service Pack 1) AMD64
PHP version: 7.0.18
Zend version: 3.0.0
OS : WINNT, win

Loaded plugins:
加载的插件:
AdminFun 1.0.0 by hoyinm14mc for API(s) 1.12.0, 1.13.0, 2.0.0
AntiServerStop 1.1 by paetti for API(s) 1.0.0, 2.0.0, 3.0.0, 3.0.1, 3.1.0, 3.0.0-ALPHA1, 4.0.0, 5.0.0, 3.0.0-ALPHA6
Broadcaster 1.16 by EvolSoft for API(s) 1.12.0
CalculatorPE 1.0.0 by Vaivez66 for API(s) 1.12.0
CmdSnooper 1.2.0 by HotshotHD & CodeRed2019 for API(s) 1.13.0, 2.0.0, 3.0.0, 3.0.0-ALPHA5
EasierTime 1.2 by Ad5001 for API(s) 2.0.0
EconomyAPI 2.0.9 by onebone for API(s) 2.0.0
NetherChests 1.1.1 by aliuly for API(s) 1.12.0
InventorySize 1 by MaxFreeze for API(s) 2.0.0
iProtector 3.1b by LDX for API(s) 1.9.0, 3.0.0-ALPHA7
ItemCasePE 1.0.8 by aliuly for API(s) 1.10.0, 1.13.0
KillChat 1.0.2.MOD by Array for API(s) 1.9.0, 2.0.0
SignEnchant 1.1.1 by FRONGKY for API(s) 1.0.0, 1.1.0, 1.2.0, 1.2.1, 3.0.0-ALPHA6, 3.0.0-ALPHA5, 3.0.0-ALPHA4, 2.0.0
SignModifier 1.0.0 by wolfdale for API(s) 1.3.1
SimpleAuth 1.8.1 by PocketMine Team, shoghicp, awzaw for API(s) 2.0.0, 3.0.0-ALPHA1, 3.0.0-ALPHA2, 3.0.0-ALPHA3, 3.0.0-ALPHA4, 3.0.0-ALPHA5
SimpleAuthHelper 2.0.1 by aliuly for API(s) 1.12.0
Slapper 2.1_PHP7 by EradiCube for API(s) 1.14.0
WorldProtect 2.2.0 by aliuly for API(s) 1.10.0, 1.12.0, 3.0.0-ALPHA6
AutoInv[PTK] 1.0.0 by PTK-KienPham for API(s) 1.0.0, 2.0.0
BestWE[PTK] 1.5 by PTK-KienPham for API(s) 2.0.0, 3.0.0, 3.0.0-ALPHA8
BuyEc[PTK] 3 by  for API(s) 2.0.0, 3.0.0
ChatToolsPro 1.2 by paetti for API(s) 1.0.0, 2.0.0, 3.0.0, 3.0.0-ALPHA, 3.0.0-ALPHA1, 4.0.0, 5.0.0
CommandBlocker 1.5.5 by Thunder33345 for API(s) 2.0.0
CONSOLEChat 1.0.0 by TheNewHEROBRINE for API(s) 2.0.0
Crates[PTK] 0.1 by PTK-KienPham for API(s) 3.0.0, 2.1.0, 2.0.0
CustomAlerts 1.6 by EvolSoft for API(s) 1.12.0
Dial[PTK] 0.3.1 by PTK-KienPham for API(s) 2.0.0
DonRac[PTK] 2 by PTK-KienPham for API(s) 2.0.0, 3.0.0
EconomyJob 2.0.4 by KienPham for API(s) 1.0.0, 2.0.0
Feed[PTK] 1 by  for API(s) 2.0.0
FlyText[PTK] 1 by PTK-KienPham for API(s) 2.0.0, 3.0.0
FactionsPro 1.0 rewrite by PTK-KienPham by Array for API(s) 1.14.0, 2.0.0
HotBar[PTK] 1.5.0 by KienPham for API(s) 1.13.0, 2.0.0
Idea_Aro 1 by PVHB for API(s) 2.0.0
Info[PTK] 2 by PTK-KienPham for API(s) 2.0.0
ItemCloud 1.1 by KienPham for API(s) 1.4.0, 2.0.0
ManyWorlds 2.1.0 by aliuly for API(s) 2.0.0
MineLV 0.1 by PTK-KienPham And Ktplus for API(s) 3.0.0, 2.0.0
MSpawns 1.5 by EvolSoft for API(s) 2.0.0, 3.0.0-ALPHA1, 3.0.0-ALPHA2, 3.0.0-ALPHA3, 3.0.0-ALPHA4
NameCorrector 1.0.0#build011 by PEMapModder for API(s) 1.8.0, 2.0.0
NapThe[PTK]-F 1 by  for API(s) 2.0.0, 3.0.0
PlayerShop[PTK] 3.0 by PTK-KienPham for API(s) 1.12.0, 2.0.0
PmChair 1.1 by maru for API(s) 1.12.0, 1.13.0, 2.0.0
PurePerms 1.4.0 by PTK-KienPham for API(s) 2.0.0, 3.0.0
Rules_by_HeoGM_0.0.1# 1 by hg for API(s) 2.0.0
SimpleEarth+ 1 by RousselCrft for API(s) 1.0.0, 1.1.0, 1.2.0, 1.2.1, 1.9.0, 1.10.0, 1.12.0, 1.13.0, 2.0.0, 2.1.0, 3.0.0, 3.0.1, 3.0.2, 3.0.3, 3.0.4, 3.0.5, 3.0.6, 3.0.7, 3.0.8, 3.0.9, 3.0.10 3.0.0-ALPHA1, 3.0.0-ALPHA2, 3.0.0-ALPHA3, 3.0.0-ALPHA4, 3.0.0-ALPHA5, 3.0.0-ALPHA6, 3.0.0-ALPHA7, 3.0.0-ALPHA8, 3.0.0-ALPHA9, 3.0.0-ALPHA10
SlapperRotation 1.0.1 by jojoe77777 for API(s) 2.0.0, 2.1.0, 3.0.0-ALPHA1, 3.0.0-ALPHA2
StatsPE 2.4.7 by SalmonDE, Aericio, robske_110, XenialDan for API(s) 2.0.0
SW_svile 0.7dev by svile for API(s) 2.0.0, 3.0.0, 3.0.0-ALPHA4
TapToDo[PTK] 2.2.1 by PTK-KienPham for API(s) 1.0.0, 2.0.0, 3.0.0
Tool[PTK] 2.0.0 by  for API(s) 2.1.0, 2.0.0
Trade[PTK] 1 by PTK-KienPham for API(s) 2.0.0, 3.0.0
TransferServerTitle 1 by HoangKaito for API(s) 2.0.0, 3.0.0, 3.0.1, 3.0.0-ALPHA7
VipDay[PTK] 1.0.0 by PTK-KienPham for API(s) 2.0.0, 3.0.0
VotePE[PTK] 1 by PTK-KienPham for API(s) 1.12.0, 2.0.0
WFT[PTK] 1.0.0 by PTK-KienPham for API(s) 2.0.0
WorldGM 1.0.0 by Vaivez66 for API(s) 1.12.0, 2.0.0
EconomyLand 2.0.9 by onebone for API(s) 1.12.0
EconomySell 2.0.7 by onebone for API(s) 1.12.0
EconomyShop 2.0.7 by onebone for API(s) 1.12.0
GrabBag 2.3.0 by aliuly for API(s) 1.10.0, 1.11.0, 1.12.0
PureChat 1.4.0 by 64FF00 for API(s) 1.13.0, 2.0.0
SimpleWarp 3.3.0 by Falkirks for API(s) 2.0.0, 3.0.0-ALPHA1, 3.0.0-ALPHA2, 3.0.0-ALPHA3, 3.0.0-ALPHA4, 3.0.0-ALPHA5
SkyBlock 2 by PTK-KienPham for API(s) 2.0.0, 3.0.0, 3.0.0-ALPHA7
